生成启动时间为 2019/9/24 17:02:10。
     1>项目“E:\aaa-shi\ExApplication\xdrfile\xdrfile.vcxproj”在节点 2 上(build 个目标)。
     1>InitializeBuildStatus:
         正在创建“Debug\xdrfile.unsuccessfulbuild”，因为已指定“AlwaysCreate”。
       ClCompile:
         E:\tool_anzhuang\vs2010_anzhuang\VC\bin\CL.exe /c /ZI /nologo /W3 /WX- /Od /Oy- /D WIN32 /D _DEBUG /D _CONSOLE /D _UNICODE /D UNICODE /Gm /EHsc /RTC1 /MDd /GS /fp:precise /Zc:wchar_t /Zc:forScope /Yc"StdAfx.h" /Fp"Debug\xdrfile.pch" /Fo"Debug\\" /Fd"Debug\vc100.pdb" /Gd /TP /analyze- /errorReport:prompt stdafx.cpp
         stdafx.cpp
         E:\tool_anzhuang\vs2010_anzhuang\VC\bin\CL.exe /c /ZI /nologo /W3 /WX- /Od /Oy- /D WIN32 /D _DEBUG /D _CONSOLE /D _UNICODE /D UNICODE /Gm /EHsc /RTC1 /MDd /GS /fp:precise /Zc:wchar_t /Zc:forScope /Yu"StdAfx.h" /Fp"Debug\xdrfile.pch" /Fo"Debug\\" /Fd"Debug\vc100.pdb" /Gd /TP /analyze- /errorReport:prompt xdrfile.cpp
         xdrfile.cpp
       ManifestResourceCompile:
         C:\Program Files (x86)\Microsoft SDKs\Windows\v7.0A\bin\rc.exe /nologo /fo"Debug\xdrfile.exe.embed.manifest.res" Debug\xdrfile_manifest.rc 
       Link:
         E:\tool_anzhuang\vs2010_anzhuang\VC\bin\link.exe /ERRORREPORT:PROMPT /OUT:"E:\aaa-shi\ExApplication\Debug\xdrfile.exe" /INCREMENTAL /NOLOGO kernel32.lib user32.lib gdi32.lib winspool.lib comdlg32.lib advapi32.lib shell32.lib ole32.lib oleaut32.lib uuid.lib odbc32.lib odbccp32.lib /MANIFEST /ManifestFile:"Debug\xdrfile.exe.intermediate.manifest" /MANIFESTUAC:"level='asInvoker' uiAccess='false'" /DEBUG /PDB:"E:\aaa-shi\ExApplication\Debug\xdrfile.pdb" /SUBSYSTEM:CONSOLE /TLBID:1 /DYNAMICBASE /NXCOMPAT /IMPLIB:"E:\aaa-shi\ExApplication\Debug\xdrfile.lib" /MACHINE:X86 Debug\xdrfile.exe.embed.manifest.res
         Debug\stdafx.obj
         Debug\xdrfile.obj
       Manifest:
         C:\Program Files (x86)\Microsoft SDKs\Windows\v7.0A\bin\mt.exe /nologo /verbose /out:"Debug\xdrfile.exe.embed.manifest" /manifest Debug\xdrfile.exe.intermediate.manifest
         C:\Program Files (x86)\Microsoft SDKs\Windows\v7.0A\bin\rc.exe /nologo /fo"Debug\xdrfile.exe.embed.manifest.res" Debug\xdrfile_manifest.rc 
       LinkEmbedManifest:
         E:\tool_anzhuang\vs2010_anzhuang\VC\bin\link.exe /ERRORREPORT:PROMPT /OUT:"E:\aaa-shi\ExApplication\Debug\xdrfile.exe" /INCREMENTAL /NOLOGO kernel32.lib user32.lib gdi32.lib winspool.lib comdlg32.lib advapi32.lib shell32.lib ole32.lib oleaut32.lib uuid.lib odbc32.lib odbccp32.lib /MANIFEST /ManifestFile:"Debug\xdrfile.exe.intermediate.manifest" /MANIFESTUAC:"level='asInvoker' uiAccess='false'" /DEBUG /PDB:"E:\aaa-shi\ExApplication\Debug\xdrfile.pdb" /SUBSYSTEM:CONSOLE /TLBID:1 /DYNAMICBASE /NXCOMPAT /IMPLIB:"E:\aaa-shi\ExApplication\Debug\xdrfile.lib" /MACHINE:X86 Debug\xdrfile.exe.embed.manifest.res
         Debug\stdafx.obj
         Debug\xdrfile.obj
         xdrfile.vcxproj -> E:\aaa-shi\ExApplication\Debug\xdrfile.exe
       FinalizeBuildStatus:
         正在删除文件“Debug\xdrfile.unsuccessfulbuild”。
         正在对“Debug\xdrfile.lastbuildstate”执行 Touch 任务。
     1>已完成生成项目“E:\aaa-shi\ExApplication\xdrfile\xdrfile.vcxproj”(build 个目标)的操作。

生成成功。

已用时间 00:00:03.78
